<?xml version="1.0" encoding="UTF-8"?>
<!-- Generated by org.testng.reporters.JUnitReportReporter -->
<testsuite skipped="0" hostname="asda1713po02529" name="rest.oAuth2.playertest" tests="6" failures="0" timestamp="14 Jul 2017 10:12:14 GMT" time="0.533" errors="0">
  <testcase name="registerplayer" time="0.066" classname="rest.oAuth2.playertest"/>
  <testcase name="getplayerdetails" time="0.063" classname="rest.oAuth2.playertest"/>
  <testcase name="updateplayerdetailtest" time="0.052" classname="rest.oAuth2.playertest"/>
  <testcase name="moveplayertest" time="0.114" classname="rest.oAuth2.playertest"/>
  <testcase name="deleteplayertest" time="0.191" classname="rest.oAuth2.playertest"/>
  <testcase name="alreadydeletedplayer_deletetest" time="0.047" classname="rest.oAuth2.playertest"/>
</testsuite> <!-- rest.oAuth2.playertest -->
