<?xml version="1.0" encoding="UTF-8"?>
<!-- Generated by org.testng.reporters.JUnitReportReporter -->
<testsuite skipped="0" hostname="asda1713po02529" name="rest.noAuth.firstpackage.playertest" tests="6" failures="0" timestamp="14 Jul 2017 04:24:23 GMT" time="0.737" errors="0">
  <testcase name="registerplayer" time="0.098" classname="rest.noAuth.firstpackage.playertest"/>
  <testcase name="getplayerdetails" time="0.048" classname="rest.noAuth.firstpackage.playertest"/>
  <testcase name="updateplayerdetailtest" time="0.047" classname="rest.noAuth.firstpackage.playertest"/>
  <testcase name="moveplayertest" time="0.113" classname="rest.noAuth.firstpackage.playertest"/>
  <testcase name="deleteplayertest" time="0.234" classname="rest.noAuth.firstpackage.playertest"/>
  <testcase name="alreadydeletedplayer_deletetest" time="0.197" classname="rest.noAuth.firstpackage.playertest"/>
</testsuite> <!-- rest.noAuth.firstpackage.playertest -->
