<?xml version="1.0" encoding="UTF-8"?>
<!-- Generated by org.testng.reporters.JUnitReportReporter -->
<testsuite skipped="0" hostname="asda1713po02529" name="rest.basicAuth.playertest" tests="6" failures="0" timestamp="14 Jul 2017 04:30:00 GMT" time="0.481" errors="0">
  <testcase name="registerplayer" time="0.050" classname="rest.basicAuth.playertest"/>
  <testcase name="getplayerdetails" time="0.048" classname="rest.basicAuth.playertest"/>
  <testcase name="updateplayerdetailtest" time="0.037" classname="rest.basicAuth.playertest"/>
  <testcase name="moveplayertest" time="0.107" classname="rest.basicAuth.playertest"/>
  <testcase name="deleteplayertest" time="0.199" classname="rest.basicAuth.playertest"/>
  <testcase name="alreadydeletedplayer_deletetest" time="0.040" classname="rest.basicAuth.playertest"/>
</testsuite> <!-- rest.basicAuth.playertest -->
