<?xml version="1.0" encoding="UTF-8"?>
<!-- Generated by org.testng.reporters.JUnitReportReporter -->
<testsuite skipped="0" hostname="asda1713po02529" name="rest.noAuth.firstpackage.BoardTest" tests="6" failures="0" timestamp="14 Jul 2017 04:24:23 GMT" time="0.596" errors="0">
  <testcase name="createboardtest" time="0.121" classname="rest.noAuth.firstpackage.BoardTest"/>
  <testcase name="getlistofboardtest" time="0.184" classname="rest.noAuth.firstpackage.BoardTest"/>
  <testcase name="getddetailofboard" time="0.048" classname="rest.noAuth.firstpackage.BoardTest"/>
  <testcase name="resetboardtest" time="0.065" classname="rest.noAuth.firstpackage.BoardTest"/>
  <testcase name="deleteboardtest" time="0.098" classname="rest.noAuth.firstpackage.BoardTest"/>
  <testcase name="alreadydeletedboard_deletetest" time="0.080" classname="rest.noAuth.firstpackage.BoardTest"/>
</testsuite> <!-- rest.noAuth.firstpackage.BoardTest -->
