<?xml version="1.0" encoding="UTF-8"?>
<!-- Generated by org.testng.reporters.JUnitReportReporter -->
<testsuite skipped="0" hostname="asda1713po02529" name="rest.basicAuth.BoardTest" tests="6" failures="0" timestamp="14 Jul 2017 04:30:00 GMT" time="0.493" errors="0">
  <testcase name="createboardtest" time="0.093" classname="rest.basicAuth.BoardTest"/>
  <testcase name="getlistofboardtest" time="0.206" classname="rest.basicAuth.BoardTest"/>
  <testcase name="getddetailofboard" time="0.034" classname="rest.basicAuth.BoardTest"/>
  <testcase name="resetboardtest" time="0.040" classname="rest.basicAuth.BoardTest"/>
  <testcase name="deleteboardtest" time="0.081" classname="rest.basicAuth.BoardTest"/>
  <testcase name="alreadydeletedboard_deletetest" time="0.039" classname="rest.basicAuth.BoardTest"/>
</testsuite> <!-- rest.basicAuth.BoardTest -->
