<?xml version="1.0" encoding="UTF-8"?>
<!-- Generated by org.testng.reporters.JUnitReportReporter -->
<testsuite skipped="0" hostname="asda1713po02529" name="rest.oAuth2.BoardTest" tests="6" failures="0" timestamp="14 Jul 2017 10:12:14 GMT" time="1.135" errors="0">
  <testcase name="createboardtest" time="0.149" classname="rest.oAuth2.BoardTest"/>
  <testcase name="getlistofboardtest" time="0.766" classname="rest.oAuth2.BoardTest"/>
  <testcase name="getddetailofboard" time="0.063" classname="rest.oAuth2.BoardTest"/>
  <testcase name="resetboardtest" time="0.047" classname="rest.oAuth2.BoardTest"/>
  <testcase name="deleteboardtest" time="0.073" classname="rest.oAuth2.BoardTest"/>
  <testcase name="alreadydeletedboard_deletetest" time="0.037" classname="rest.oAuth2.BoardTest"/>
</testsuite> <!-- rest.oAuth2.BoardTest -->
