<?xml version="1.0" encoding="UTF-8"?>
<!-- Generated by org.testng.reporters.JUnitReportReporter -->
<testsuite skipped="0" hostname="asda1713po02529" name="rest.oAuth2.BoardTest" tests="5" failures="0" timestamp="14 Jul 2017 10:21:00 GMT" time="1.017" errors="0">
  <testcase name="createboardtest" time="0.083" classname="rest.oAuth2.BoardTest"/>
  <testcase name="getlistofboardtest" time="0.719" classname="rest.oAuth2.BoardTest"/>
  <testcase name="getddetailofboard" time="0.045" classname="rest.oAuth2.BoardTest"/>
  <testcase name="deleteboardtest" time="0.129" classname="rest.oAuth2.BoardTest"/>
  <testcase name="alreadydeletedboard_deletetest" time="0.041" classname="rest.oAuth2.BoardTest"/>
</testsuite> <!-- rest.oAuth2.BoardTest -->
