<?xml version="1.0" encoding="UTF-8"?>
<!-- Generated by org.testng.reporters.JUnitReportReporter -->
<testsuite skipped="0" hostname="asda1713po02529" name="rest.oAuth2.playertest" tests="1" failures="0" timestamp="14 Jul 2017 10:22:31 GMT" time="0.088" errors="0">
  <testcase name="registerplayer" time="0.088" classname="rest.oAuth2.playertest"/>
</testsuite> <!-- rest.oAuth2.playertest -->
