<?xml version="1.0" encoding="UTF-8"?>
<!-- Generated by org.testng.reporters.JUnitReportReporter -->
<testsuite skipped="0" hostname="asda1713po02529" name="firstpackage.BoardTest" tests="6" failures="0" timestamp="13 Jul 2017 11:41:15 GMT" time="0.358" errors="0">
  <testcase name="createboardtest" time="0.090" classname="firstpackage.BoardTest"/>
  <testcase name="getlistofboardtest" time="0.061" classname="firstpackage.BoardTest"/>
  <testcase name="getddetailofboard" time="0.034" classname="firstpackage.BoardTest"/>
  <testcase name="resetboardtest" time="0.046" classname="firstpackage.BoardTest"/>
  <testcase name="deleteboardtest" time="0.073" classname="firstpackage.BoardTest"/>
  <testcase name="alreadydeletedboard_deletetest" time="0.054" classname="firstpackage.BoardTest"/>
</testsuite> <!-- firstpackage.BoardTest -->
