<?xml version="1.0" encoding="UTF-8"?>
<!-- Generated by org.testng.reporters.JUnitReportReporter -->
<testsuite skipped="0" hostname="asda1713po02529" name="BoardTest" tests="5" failures="0" timestamp="13 Jul 2017 07:21:17 GMT" time="1.535" errors="0">
  <testcase name="createboardtest" time="0.194" classname="BoardTest"/>
  <testcase name="getlistofboardtest" time="1.178" classname="BoardTest"/>
  <testcase name="getddetailofboard" time="0.036" classname="BoardTest"/>
  <testcase name="resetboardtest" time="0.051" classname="BoardTest"/>
  <testcase name="deleteboardtest" time="0.076" classname="BoardTest"/>
</testsuite> <!-- BoardTest -->
