<?xml version="1.0" encoding="UTF-8"?>
<!-- Generated by org.testng.reporters.JUnitReportReporter -->
<testsuite skipped="0" hostname="asda1713po02529" name="firstpackage.playertest" tests="6" failures="0" timestamp="13 Jul 2017 11:41:15 GMT" time="0.629" errors="0">
  <testcase name="registerplayer" time="0.065" classname="firstpackage.playertest"/>
  <testcase name="getplayerdetails" time="0.035" classname="firstpackage.playertest"/>
  <testcase name="updateplayerdetailtest" time="0.043" classname="firstpackage.playertest"/>
  <testcase name="moveplayertest" time="0.092" classname="firstpackage.playertest"/>
  <testcase name="deleteplayertest" time="0.226" classname="firstpackage.playertest"/>
  <testcase name="alreadydeletedplayer_deletetest" time="0.168" classname="firstpackage.playertest"/>
</testsuite> <!-- firstpackage.playertest -->
